<?xml version="1.0" encoding="UTF-8"?>
<!-- Generated by org.testng.reporters.JUnitReportReporter -->
<testsuite hostname="LAPTOP-SUFVFAJ4" failures="0" tests="1" name="com.actitime.testsript.CreateCustomer" time="12.261" errors="0" timestamp="2023-07-25T14:11:32 IST" skipped="0">
  <testcase classname="com.actitime.testsript.CreateCustomer" name="create" time="12.261">
    <system-out>
      <![CDATA[login]]>
    </system-out>
  </testcase> <!-- create -->
  <system-out>
    <![CDATA[Open Browser
login
login
logout
close Browser]]>
  </system-out>
</testsuite> <!-- com.actitime.testsript.CreateCustomer -->
